Arguments: 
  C:\Users\Radek\WebstormProjects\dofusbotnode\node_modules\node\bin\node.exe C:\Users\Radek\AppData\Roaming\npm\node_modules\yarn\bin\yarn.js add pcap

PATH: 
  C:\Users\Radek\WebstormProjects\dofusbotnode\node_modules\.bin;C:\Program Files\Common Files\Oracle\Java\javapath;C:\PROGRA~2\Borland\CBUILD~1\Bin;C:\PROGRA~2\Borland\CBUILD~1\Projects\Bpl;C:\WINDOWS\system32;C:\WINDOWS;C:\WINDOWS\System32\Wbem;C:\WINDOWS\System32\WindowsPowerShell\v1.0\;C:\Program Files (x86)\AMD\ATI.ACE\Core-Static;C:\WINDOWS\System32\OpenSSH\;C:\Program Files\Git\cmd;C:\Program Files\nodejs\;C:\Users\Radek\AppData\Local\Programs\Python\Python39\Scripts\;C:\Users\Radek\AppData\Local\Programs\Python\Python39\;C:\Program Files\MySQL\MySQL Shell 8.0\bin\;C:\Users\Radek\AppData\Local\Microsoft\WindowsApps;C:\Gradle\bin;C:\Users\Radek\AppData\Roaming\npm;C:\Program Files\nodejs\node_modules\npm\bin;C:\Program Files\Npcap

Yarn version: 
  1.22.10

Node version: 
  15.10.0

Platform: 
  win32 x64

Trace: 
  Error: EPERM: operation not permitted, unlink 'C:\Users\Radek\WebstormProjects\dofusbotnode\node_modules\node\bin\node.exe'

npm manifest: 
  {
    "name": "dofusbotnode",
    "version": "1.0.0",
    "description": "",
    "main": "app.js",
    "scripts": {
      "test": "echo \"Error: no test specified\" && exit 1"
    },
    "keywords": [],
    "author": "",
    "license": "ISC",
    "dependencies": {
      "bytearray-nodejs": "^1.0.1",
      "esniffer": "^1.0.1",
      "net": "^1.0.2",
      "node": "^15.10.0",
      "node-gyp": "^7.1.2"
    }
  }

yarn manifest: 
  No manifest

Lockfile: 
  No lockfile
